TN:
SF:/Users/nalinee/APPEN/contracts/contracts/APPENEscrow.sol
FN:184,constructor
FN:194,pause
FN:202,unpause
FN:211,addWhitelistedToken
FN:233,createEscrow
FN:268,markPaid
FN:289,dispute
FN:313,release
FN:361,refund
FN:395,cancel
FN:419,refundExpired
FN:454,tradeCount
FN:462,getTradeState
FNF:13
FNH:13
FNDA:1,constructor
FNDA:9,pause
FNDA:1,unpause
FNDA:2,addWhitelistedToken
FNDA:36,createEscrow
FNDA:22,markPaid
FNDA:10,dispute
FNDA:9,release
FNDA:3,refund
FNDA:3,cancel
FNDA:3,refundExpired
FNDA:1,tradeCount
FNDA:8,getTradeState
DA:185,1
DA:195,9
DA:203,1
DA:212,2
DA:234,36
DA:235,35
DA:237,34
DA:241,34
DA:254,34
DA:257,34
DA:259,34
DA:260,34
DA:269,22
DA:271,22
DA:272,20
DA:273,1
DA:275,19
DA:276,19
DA:278,19
DA:279,19
DA:281,19
DA:290,10
DA:292,10
DA:293,9
DA:294,1
DA:295,8
DA:296,1
DA:298,7
DA:299,7
DA:301,7
DA:314,9
DA:316,9
DA:317,9
DA:321,9
DA:324,8
DA:325,6
DA:326,1
DA:329,7
DA:334,2
DA:338,5
DA:339,1
DA:340,1
DA:343,4
DA:344,4
DA:345,4
DA:346,4
DA:348,4
DA:350,4
DA:352,4
DA:353,4
DA:362,3
DA:364,3
DA:367,2
DA:368,0
DA:370,2
DA:374,1
DA:377,1
DA:378,1
DA:379,1
DA:380,1
DA:382,1
DA:384,1
DA:386,1
DA:387,1
DA:396,3
DA:398,3
DA:399,2
DA:400,1
DA:402,1
DA:403,1
DA:404,1
DA:406,1
DA:408,1
DA:410,1
DA:420,3
DA:422,3
DA:423,2
DA:424,0
DA:426,2
DA:427,2
DA:428,1
DA:430,1
DA:431,1
DA:432,1
DA:434,1
DA:436,1
DA:438,1
DA:439,1
DA:446,1
DA:455,1
DA:463,8
LF:91
LH:89
BRDA:194,1,0,9
BRDA:194,1,1,1
BRDA:202,2,0,1
BRDA:202,2,1,1
BRDA:211,3,0,2
BRDA:211,3,1,1
BRDA:233,4,0,37
BRDA:233,4,1,0
BRDA:233,5,0,36
BRDA:233,5,1,1
BRDA:234,6,0,1
BRDA:234,6,1,35
BRDA:235,7,0,1
BRDA:235,7,1,34
BRDA:268,8,0,22
BRDA:268,8,1,1
BRDA:271,9,0,2
BRDA:271,9,1,20
BRDA:272,10,0,1
BRDA:272,10,1,19
BRDA:289,11,0,10
BRDA:289,11,1,1
BRDA:292,12,0,1
BRDA:292,12,1,9
BRDA:293,13,0,1
BRDA:293,13,1,8
BRDA:295,14,0,1
BRDA:295,14,1,7
BRDA:313,15,0,10
BRDA:313,15,1,0
BRDA:313,16,0,9
BRDA:313,16,1,1
BRDA:321,17,0,1
BRDA:321,17,1,8
BRDA:324,18,0,6
BRDA:324,18,1,2
BRDA:325,19,0,1
BRDA:325,19,1,5
BRDA:325,20,0,1
BRDA:325,20,1,0
BRDA:329,21,0,2
BRDA:329,21,1,5
BRDA:338,22,0,1
BRDA:338,22,1,4
BRDA:339,23,0,1
BRDA:339,23,1,0
BRDA:361,24,0,4
BRDA:361,24,1,0
BRDA:361,25,0,3
BRDA:361,25,1,1
BRDA:364,26,0,1
BRDA:364,26,1,2
BRDA:367,27,0,0
BRDA:367,27,1,2
BRDA:367,28,0,0
BRDA:367,28,1,0
BRDA:370,29,0,1
BRDA:370,29,1,1
BRDA:395,30,0,4
BRDA:395,30,1,0
BRDA:395,31,0,3
BRDA:395,31,1,1
BRDA:398,32,0,1
BRDA:398,32,1,2
BRDA:399,33,0,1
BRDA:399,33,1,1
BRDA:419,34,0,4
BRDA:419,34,1,0
BRDA:419,35,0,3
BRDA:419,35,1,1
BRDA:422,36,0,1
BRDA:422,36,1,2
BRDA:423,37,0,0
BRDA:423,37,1,2
BRDA:427,38,0,1
BRDA:427,38,1,1
BRF:76
BRH:65
end_of_record
TN:
SF:/Users/nalinee/APPEN/contracts/contracts/MockERC20.sol
FN:15,constructor
FN:19,decimals
FN:23,mint
FNF:3
FNH:2
FNDA:3,constructor
FNDA:0,decimals
FNDA:2,mint
DA:16,3
DA:20,0
DA:24,2
LF:3
LH:2
BRDA:23,1,0,2
BRDA:23,1,1,0
BRF:2
BRH:1
end_of_record
