{"contracts/APPENEscrow.sol":{"l":{"185":1,"195":9,"203":1,"212":2,"234":36,"235":35,"237":34,"241":34,"254":34,"257":34,"259":34,"260":34,"269":22,"271":22,"272":20,"273":1,"275":19,"276":19,"278":19,"279":19,"281":19,"290":10,"292":10,"293":9,"294":1,"295":8,"296":1,"298":7,"299":7,"301":7,"314":9,"316":9,"317":9,"321":9,"324":8,"325":6,"326":1,"329":7,"334":2,"338":5,"339":1,"340":1,"343":4,"344":4,"345":4,"346":4,"348":4,"350":4,"352":4,"353":4,"362":3,"364":3,"367":2,"368":0,"370":2,"374":1,"377":1,"378":1,"379":1,"380":1,"382":1,"384":1,"386":1,"387":1,"396":3,"398":3,"399":2,"400":1,"402":1,"403":1,"404":1,"406":1,"408":1,"410":1,"420":3,"422":3,"423":2,"424":0,"426":2,"427":2,"428":1,"430":1,"431":1,"432":1,"434":1,"436":1,"438":1,"439":1,"446":1,"455":1,"463":8},"path":"/Users/nalinee/APPEN/contracts/contracts/APPENEscrow.sol","s":{"1":1,"2":9,"3":1,"4":36,"5":35,"6":34,"7":34,"8":34,"9":34,"10":22,"11":22,"12":20,"13":19,"14":19,"15":10,"16":10,"17":9,"18":8,"19":7,"20":7,"21":9,"22":9,"23":9,"24":9,"25":8,"26":6,"27":7,"28":5,"29":1,"30":4,"31":4,"32":4,"33":4,"34":4,"35":4,"36":4,"37":3,"38":3,"39":2,"40":2,"41":1,"42":1,"43":1,"44":1,"45":1,"46":1,"47":1,"48":3,"49":3,"50":2,"51":1,"52":1,"53":1,"54":1,"55":1,"56":3,"57":3,"58":2,"59":2,"60":2,"61":1,"62":1,"63":1,"64":1,"65":1,"66":1,"67":1,"68":8},"b":{"1":[9,1],"2":[1,1],"3":[2,1],"4":[37,0],"5":[36,1],"6":[1,35],"7":[1,34],"8":[22,1],"9":[2,20],"10":[1,19],"11":[10,1],"12":[1,9],"13":[1,8],"14":[1,7],"15":[10,0],"16":[9,1],"17":[1,8],"18":[6,2],"19":[1,5],"20":[1,0],"21":[2,5],"22":[1,4],"23":[1,0],"24":[4,0],"25":[3,1],"26":[1,2],"27":[0,2],"28":[0,0],"29":[1,1],"30":[4,0],"31":[3,1],"32":[1,2],"33":[1,1],"34":[4,0],"35":[3,1],"36":[1,2],"37":[0,2],"38":[1,1]},"f":{"1":1,"2":9,"3":1,"4":2,"5":36,"6":22,"7":10,"8":9,"9":3,"10":3,"11":3,"12":1,"13":8},"fnMap":{"1":{"name":"constructor","line":184,"loc":{"start":{"line":184,"column":4},"end":{"line":186,"column":4}}},"2":{"name":"pause","line":194,"loc":{"start":{"line":194,"column":4},"end":{"line":196,"column":4}}},"3":{"name":"unpause","line":202,"loc":{"start":{"line":202,"column":4},"end":{"line":204,"column":4}}},"4":{"name":"addWhitelistedToken","line":211,"loc":{"start":{"line":211,"column":4},"end":{"line":213,"column":4}}},"5":{"name":"createEscrow","line":233,"loc":{"start":{"line":228,"column":4},"end":{"line":261,"column":4}}},"6":{"name":"markPaid","line":268,"loc":{"start":{"line":268,"column":4},"end":{"line":282,"column":4}}},"7":{"name":"dispute","line":289,"loc":{"start":{"line":289,"column":4},"end":{"line":302,"column":4}}},"8":{"name":"release","line":313,"loc":{"start":{"line":313,"column":4},"end":{"line":354,"column":4}}},"9":{"name":"refund","line":361,"loc":{"start":{"line":361,"column":4},"end":{"line":388,"column":4}}},"10":{"name":"cancel","line":395,"loc":{"start":{"line":395,"column":4},"end":{"line":411,"column":4}}},"11":{"name":"refundExpired","line":419,"loc":{"start":{"line":419,"column":4},"end":{"line":440,"column":4}}},"12":{"name":"tradeCount","line":454,"loc":{"start":{"line":454,"column":4},"end":{"line":456,"column":4}}},"13":{"name":"getTradeState","line":462,"loc":{"start":{"line":462,"column":4},"end":{"line":464,"column":4}}}},"statementMap":{"1":{"start":{"line":185,"column":8},"end":{"line":185,"column":44}},"2":{"start":{"line":195,"column":8},"end":{"line":195,"column":15}},"3":{"start":{"line":203,"column":8},"end":{"line":203,"column":17}},"4":{"start":{"line":234,"column":8},"end":{"line":234,"column":82}},"5":{"start":{"line":235,"column":8},"end":{"line":235,"column":44}},"6":{"start":{"line":254,"column":8},"end":{"line":254,"column":29}},"7":{"start":{"line":257,"column":8},"end":{"line":257,"column":77}},"8":{"start":{"line":259,"column":8},"end":{"line":259,"column":62}},"9":{"start":{"line":260,"column":8},"end":{"line":260,"column":95}},"10":{"start":{"line":269,"column":8},"end":{"line":269,"column":51}},"11":{"start":{"line":271,"column":8},"end":{"line":271,"column":70}},"12":{"start":{"line":272,"column":8},"end":{"line":272,"column":10285}},"13":{"start":{"line":278,"column":8},"end":{"line":278,"column":37}},"14":{"start":{"line":281,"column":8},"end":{"line":281,"column":85}},"15":{"start":{"line":290,"column":8},"end":{"line":290,"column":51}},"16":{"start":{"line":292,"column":8},"end":{"line":292,"column":71}},"17":{"start":{"line":293,"column":8},"end":{"line":293,"column":11138}},"18":{"start":{"line":295,"column":8},"end":{"line":295,"column":11266}},"19":{"start":{"line":298,"column":8},"end":{"line":298,"column":37}},"20":{"start":{"line":301,"column":8},"end":{"line":301,"column":83}},"21":{"start":{"line":314,"column":8},"end":{"line":314,"column":51}},"22":{"start":{"line":316,"column":8},"end":{"line":316,"column":60}},"23":{"start":{"line":317,"column":8},"end":{"line":317,"column":12115}},"24":{"start":{"line":321,"column":8},"end":{"line":321,"column":79}},"25":{"start":{"line":324,"column":8},"end":{"line":324,"column":12342}},"26":{"start":{"line":325,"column":12},"end":{"line":325,"column":12426}},"27":{"start":{"line":329,"column":8},"end":{"line":329,"column":12516}},"28":{"start":{"line":338,"column":8},"end":{"line":338,"column":12874}},"29":{"start":{"line":339,"column":12},"end":{"line":339,"column":13015}},"30":{"start":{"line":343,"column":8},"end":{"line":343,"column":35}},"31":{"start":{"line":344,"column":8},"end":{"line":344,"column":45}},"32":{"start":{"line":345,"column":8},"end":{"line":345,"column":37}},"33":{"start":{"line":346,"column":8},"end":{"line":346,"column":37}},"34":{"start":{"line":350,"column":8},"end":{"line":350,"column":53}},"35":{"start":{"line":352,"column":8},"end":{"line":352,"column":50}},"36":{"start":{"line":353,"column":8},"end":{"line":353,"column":83}},"37":{"start":{"line":362,"column":8},"end":{"line":362,"column":51}},"38":{"start":{"line":364,"column":8},"end":{"line":364,"column":80}},"39":{"start":{"line":367,"column":8},"end":{"line":367,"column":14010}},"40":{"start":{"line":370,"column":8},"end":{"line":370,"column":14090}},"41":{"start":{"line":377,"column":8},"end":{"line":377,"column":37}},"42":{"start":{"line":378,"column":8},"end":{"line":378,"column":45}},"43":{"start":{"line":379,"column":8},"end":{"line":379,"column":37}},"44":{"start":{"line":380,"column":8},"end":{"line":380,"column":37}},"45":{"start":{"line":384,"column":8},"end":{"line":384,"column":54}},"46":{"start":{"line":386,"column":8},"end":{"line":386,"column":51}},"47":{"start":{"line":387,"column":8},"end":{"line":387,"column":83}},"48":{"start":{"line":396,"column":8},"end":{"line":396,"column":51}},"49":{"start":{"line":398,"column":8},"end":{"line":398,"column":71}},"50":{"start":{"line":399,"column":8},"end":{"line":399,"column":15185}},"51":{"start":{"line":402,"column":8},"end":{"line":402,"column":37}},"52":{"start":{"line":403,"column":8},"end":{"line":403,"column":45}},"53":{"start":{"line":404,"column":8},"end":{"line":404,"column":37}},"54":{"start":{"line":408,"column":8},"end":{"line":408,"column":54}},"55":{"start":{"line":410,"column":8},"end":{"line":410,"column":97}},"56":{"start":{"line":420,"column":8},"end":{"line":420,"column":51}},"57":{"start":{"line":422,"column":8},"end":{"line":422,"column":71}},"58":{"start":{"line":423,"column":8},"end":{"line":423,"column":16141}},"59":{"start":{"line":426,"column":8},"end":{"line":426,"column":60}},"60":{"start":{"line":427,"column":8},"end":{"line":427,"column":16314}},"61":{"start":{"line":430,"column":8},"end":{"line":430,"column":37}},"62":{"start":{"line":431,"column":8},"end":{"line":431,"column":45}},"63":{"start":{"line":432,"column":8},"end":{"line":432,"column":37}},"64":{"start":{"line":436,"column":8},"end":{"line":436,"column":54}},"65":{"start":{"line":438,"column":8},"end":{"line":438,"column":51}},"66":{"start":{"line":439,"column":8},"end":{"line":439,"column":96}},"67":{"start":{"line":455,"column":8},"end":{"line":455,"column":30}},"68":{"start":{"line":463,"column":8},"end":{"line":463,"column":36}}},"branchMap":{"1":{"line":194,"type":"if","locations":[{"start":{"line":194,"column":30},"end":{"line":194,"column":30}},{"start":{"line":194,"column":30},"end":{"line":194,"column":30}}]},"2":{"line":202,"type":"if","locations":[{"start":{"line":202,"column":32},"end":{"line":202,"column":32}},{"start":{"line":202,"column":32},"end":{"line":202,"column":32}}]},"3":{"line":211,"type":"if","locations":[{"start":{"line":211,"column":57},"end":{"line":211,"column":57}},{"start":{"line":211,"column":57},"end":{"line":211,"column":57}}]},"4":{"line":233,"type":"if","locations":[{"start":{"line":233,"column":15},"end":{"line":233,"column":15}},{"start":{"line":233,"column":15},"end":{"line":233,"column":15}}]},"5":{"line":233,"type":"if","locations":[{"start":{"line":233,"column":28},"end":{"line":233,"column":28}},{"start":{"line":233,"column":28},"end":{"line":233,"column":28}}]},"6":{"line":234,"type":"if","locations":[{"start":{"line":234,"column":8},"end":{"line":234,"column":8}},{"start":{"line":234,"column":8},"end":{"line":234,"column":8}}]},"7":{"line":235,"type":"if","locations":[{"start":{"line":235,"column":8},"end":{"line":235,"column":8}},{"start":{"line":235,"column":8},"end":{"line":235,"column":8}}]},"8":{"line":268,"type":"if","locations":[{"start":{"line":268,"column":48},"end":{"line":268,"column":48}},{"start":{"line":268,"column":48},"end":{"line":268,"column":48}}]},"9":{"line":271,"type":"if","locations":[{"start":{"line":271,"column":8},"end":{"line":271,"column":8}},{"start":{"line":271,"column":8},"end":{"line":271,"column":8}}]},"10":{"line":272,"type":"if","locations":[{"start":{"line":272,"column":8},"end":{"line":272,"column":8}},{"start":{"line":272,"column":8},"end":{"line":272,"column":8}}]},"11":{"line":289,"type":"if","locations":[{"start":{"line":289,"column":47},"end":{"line":289,"column":47}},{"start":{"line":289,"column":47},"end":{"line":289,"column":47}}]},"12":{"line":292,"type":"if","locations":[{"start":{"line":292,"column":8},"end":{"line":292,"column":8}},{"start":{"line":292,"column":8},"end":{"line":292,"column":8}}]},"13":{"line":293,"type":"if","locations":[{"start":{"line":293,"column":8},"end":{"line":293,"column":8}},{"start":{"line":293,"column":8},"end":{"line":293,"column":8}}]},"14":{"line":295,"type":"if","locations":[{"start":{"line":295,"column":8},"end":{"line":295,"column":8}},{"start":{"line":295,"column":8},"end":{"line":295,"column":8}}]},"15":{"line":313,"type":"if","locations":[{"start":{"line":313,"column":47},"end":{"line":313,"column":47}},{"start":{"line":313,"column":47},"end":{"line":313,"column":47}}]},"16":{"line":313,"type":"if","locations":[{"start":{"line":313,"column":60},"end":{"line":313,"column":60}},{"start":{"line":313,"column":60},"end":{"line":313,"column":60}}]},"17":{"line":321,"type":"if","locations":[{"start":{"line":321,"column":8},"end":{"line":321,"column":8}},{"start":{"line":321,"column":8},"end":{"line":321,"column":8}}]},"18":{"line":324,"type":"if","locations":[{"start":{"line":324,"column":8},"end":{"line":324,"column":8}},{"start":{"line":324,"column":8},"end":{"line":324,"column":8}}]},"19":{"line":325,"type":"if","locations":[{"start":{"line":325,"column":12},"end":{"line":325,"column":12}},{"start":{"line":325,"column":12},"end":{"line":325,"column":12}}]},"20":{"line":325,"type":"cond-expr","locations":[{"start":{"line":325,"column":16},"end":{"line":325,"column":41}},{"start":{"line":325,"column":46},"end":{"line":325,"column":70}}]},"21":{"line":329,"type":"if","locations":[{"start":{"line":329,"column":8},"end":{"line":329,"column":8}},{"start":{"line":329,"column":8},"end":{"line":329,"column":8}}]},"22":{"line":338,"type":"if","locations":[{"start":{"line":338,"column":8},"end":{"line":338,"column":8}},{"start":{"line":338,"column":8},"end":{"line":338,"column":8}}]},"23":{"line":339,"type":"if","locations":[{"start":{"line":339,"column":12},"end":{"line":339,"column":12}},{"start":{"line":339,"column":12},"end":{"line":339,"column":12}}]},"24":{"line":361,"type":"if","locations":[{"start":{"line":361,"column":46},"end":{"line":361,"column":46}},{"start":{"line":361,"column":46},"end":{"line":361,"column":46}}]},"25":{"line":361,"type":"if","locations":[{"start":{"line":361,"column":59},"end":{"line":361,"column":59}},{"start":{"line":361,"column":59},"end":{"line":361,"column":59}}]},"26":{"line":364,"type":"if","locations":[{"start":{"line":364,"column":8},"end":{"line":364,"column":8}},{"start":{"line":364,"column":8},"end":{"line":364,"column":8}}]},"27":{"line":367,"type":"if","locations":[{"start":{"line":367,"column":8},"end":{"line":367,"column":8}},{"start":{"line":367,"column":8},"end":{"line":367,"column":8}}]},"28":{"line":367,"type":"cond-expr","locations":[{"start":{"line":367,"column":12},"end":{"line":367,"column":37}},{"start":{"line":367,"column":42},"end":{"line":367,"column":66}}]},"29":{"line":370,"type":"if","locations":[{"start":{"line":370,"column":8},"end":{"line":370,"column":8}},{"start":{"line":370,"column":8},"end":{"line":370,"column":8}}]},"30":{"line":395,"type":"if","locations":[{"start":{"line":395,"column":46},"end":{"line":395,"column":46}},{"start":{"line":395,"column":46},"end":{"line":395,"column":46}}]},"31":{"line":395,"type":"if","locations":[{"start":{"line":395,"column":59},"end":{"line":395,"column":59}},{"start":{"line":395,"column":59},"end":{"line":395,"column":59}}]},"32":{"line":398,"type":"if","locations":[{"start":{"line":398,"column":8},"end":{"line":398,"column":8}},{"start":{"line":398,"column":8},"end":{"line":398,"column":8}}]},"33":{"line":399,"type":"if","locations":[{"start":{"line":399,"column":8},"end":{"line":399,"column":8}},{"start":{"line":399,"column":8},"end":{"line":399,"column":8}}]},"34":{"line":419,"type":"if","locations":[{"start":{"line":419,"column":53},"end":{"line":419,"column":53}},{"start":{"line":419,"column":53},"end":{"line":419,"column":53}}]},"35":{"line":419,"type":"if","locations":[{"start":{"line":419,"column":66},"end":{"line":419,"column":66}},{"start":{"line":419,"column":66},"end":{"line":419,"column":66}}]},"36":{"line":422,"type":"if","locations":[{"start":{"line":422,"column":8},"end":{"line":422,"column":8}},{"start":{"line":422,"column":8},"end":{"line":422,"column":8}}]},"37":{"line":423,"type":"if","locations":[{"start":{"line":423,"column":8},"end":{"line":423,"column":8}},{"start":{"line":423,"column":8},"end":{"line":423,"column":8}}]},"38":{"line":427,"type":"if","locations":[{"start":{"line":427,"column":8},"end":{"line":427,"column":8}},{"start":{"line":427,"column":8},"end":{"line":427,"column":8}}]}}},"contracts/MockERC20.sol":{"l":{"16":3,"20":0,"24":2},"path":"/Users/nalinee/APPEN/contracts/contracts/MockERC20.sol","s":{"1":0,"2":2},"b":{"1":[2,0]},"f":{"1":3,"2":0,"3":2},"fnMap":{"1":{"name":"constructor","line":15,"loc":{"start":{"line":10,"column":4},"end":{"line":17,"column":4}}},"2":{"name":"decimals","line":19,"loc":{"start":{"line":19,"column":4},"end":{"line":21,"column":4}}},"3":{"name":"mint","line":23,"loc":{"start":{"line":23,"column":4},"end":{"line":25,"column":4}}}},"statementMap":{"1":{"start":{"line":20,"column":8},"end":{"line":20,"column":24}},"2":{"start":{"line":24,"column":8},"end":{"line":24,"column":24}}},"branchMap":{"1":{"line":23,"type":"if","locations":[{"start":{"line":23,"column":55},"end":{"line":23,"column":55}},{"start":{"line":23,"column":55},"end":{"line":23,"column":55}}]}}}}